<?xml version="1.0" encoding="UTF-8"?>
<testsuite xmlns:xsi="http://www.w3.org/2001/XMLSchema-instance" xsi:noNamespaceSchemaLocation="https://maven.apache.org/surefire/maven-surefire-plugin/xsd/surefire-test-report.xsd" name="ru.yandex.praktikum.CreateOrderTest" time="1.597" tests="4" errors="0" skipped="0" failures="0">
  <properties>
[...]
</properties>
  <testcase name="createOrderWithColor[index: BLACK ]" classname="ru.yandex.praktikum.CreateOrderTest" time="0.392"/>
  <testcase name="createOrderWithColor[index: GREY ]" classname="ru.yandex.praktikum.CreateOrderTest" time="0.507"/>
  <testcase name="createOrderWithColor[index: BLACK GREY]" classname="ru.yandex.praktikum.CreateOrderTest" time="0.343"/>
  <testcase name="createOrderWithColor[index:  ]" classname="ru.yandex.praktikum.CreateOrderTest" time="0.323"/>
</testsuite>