<?xml version="1.0" encoding="UTF-8"?>
<testsuite xmlns:xsi="http://www.w3.org/2001/XMLSchema-instance" xsi:noNamespaceSchemaLocation="https://maven.apache.org/surefire/maven-surefire-plugin/xsd/surefire-test-report.xsd" name="ru.yandex.praktikum.LoginCourierTest" time="129.708" tests="8" errors="0" skipped="0" failures="2">
  <properties>
[...]
</properties>
  <testcase name="missingFieldUsername" classname="ru.yandex.praktikum.LoginCourierTest" time="1.242"/>
  <testcase name="successLoginCourier" classname="ru.yandex.praktikum.LoginCourierTest" time="1.262"/>
  <testcase name="missingFieldPassword" classname="ru.yandex.praktikum.LoginCourierTest" time="1.171"/>
  <testcase name="checkPasswordRequiredFields" classname="ru.yandex.praktikum.LoginCourierTest" time="1.086"/>
  <testcase name="checkIncorrectPassword" classname="ru.yandex.praktikum.LoginCourierTest" time="1.141"/>
  <testcase name="loginWithNonExistentUser" classname="ru.yandex.praktikum.LoginCourierTest" time="61.507">
    <failure message="expected:&lt;404&gt; but was:&lt;504&gt;" type="java.lang.AssertionError"><![CDATA[java.lang.AssertionError: expected:<404> but was:<504>
	at ru.yandex.praktikum.LoginCourierTest.loginWithNonExistentUser(LoginCourierTest.java:91)
]]></failure>
    <system-out><![CDATA[Request method:	POST
Request URI:	https://qa-scooter.praktikum-services.ru/api/v1/courier
Proxy:			<none>
Request params:	<none>
Query params:	<none>
Form params:	<none>
Path params:	<none>
Headers:		Accept=*/*
				Content-Type=application/json
Cookies:		<none>
Multiparts:		<none>
Body:
{
    "login": "sMnWJ",
    "password": "sJCMZ",
    "firstName": "wLslh"
}
Request method:	POST
Request URI:	https://qa-scooter.praktikum-services.ru/api/v1/courier/login
Proxy:			<none>
Request params:	<none>
Query params:	<none>
Form params:	<none>
Path params:	<none>
Headers:		Accept=*/*
				Content-Type=application/json
Cookies:		<none>
Multiparts:		<none>
Body:
{
    "login": "Gomer",
    "user": "123"
}
Request method:	POST
Request URI:	https://qa-scooter.praktikum-services.ru/api/v1/courier/login
Proxy:			<none>
Request params:	<none>
Query params:	<none>
Form params:	<none>
Path params:	<none>
Headers:		Accept=*/*
				Content-Type=application/json
Cookies:		<none>
Multiparts:		<none>
Body:
{
    "login": "sMnWJ",
    "password": "sJCMZ"
}
Request method:	DELETE
Request URI:	https://qa-scooter.praktikum-services.ru/api/v1/courier/88198
Proxy:			<none>
Request params:	<none>
Query params:	<none>
Form params:	<none>
Path params:	<none>
Headers:		Accept=*/*
				Content-Type=application/json
Cookies:		<none>
Multiparts:		<none>
Body:			<none>
]]></system-out>
  </testcase>
  <testcase name="checkIncorrectLogin" classname="ru.yandex.praktikum.LoginCourierTest" time="1.123"/>
  <testcase name="checkLoginRequiredFields" classname="ru.yandex.praktikum.LoginCourierTest" time="61.159">
    <failure message="expected:&lt;400&gt; but was:&lt;504&gt;" type="java.lang.AssertionError"><![CDATA[java.lang.AssertionError: expected:<400> but was:<504>
	at ru.yandex.praktikum.LoginCourierTest.checkLoginRequiredFields(LoginCourierTest.java:37)
]]></failure>
    <system-out><![CDATA[Request method:	POST
Request URI:	https://qa-scooter.praktikum-services.ru/api/v1/courier
Proxy:			<none>
Request params:	<none>
Query params:	<none>
Form params:	<none>
Path params:	<none>
Headers:		Accept=*/*
				Content-Type=application/json
Cookies:		<none>
Multiparts:		<none>
Body:
{
    "login": "ZHpAV",
    "password": "rmZiR",
    "firstName": "LmggM"
}
Request method:	POST
Request URI:	https://qa-scooter.praktikum-services.ru/api/v1/courier/login
Proxy:			<none>
Request params:	<none>
Query params:	<none>
Form params:	<none>
Path params:	<none>
Headers:		Accept=*/*
				Content-Type=application/json
Cookies:		<none>
Multiparts:		<none>
Body:
{
    "login": "ZHpAV"
}
Request method:	POST
Request URI:	https://qa-scooter.praktikum-services.ru/api/v1/courier/login
Proxy:			<none>
Request params:	<none>
Query params:	<none>
Form params:	<none>
Path params:	<none>
Headers:		Accept=*/*
				Content-Type=application/json
Cookies:		<none>
Multiparts:		<none>
Body:
{
    "login": "ZHpAV",
    "password": "rmZiR"
}
Request method:	DELETE
Request URI:	https://qa-scooter.praktikum-services.ru/api/v1/courier/88200
Proxy:			<none>
Request params:	<none>
Query params:	<none>
Form params:	<none>
Path params:	<none>
Headers:		Accept=*/*
				Content-Type=application/json
Cookies:		<none>
Multiparts:		<none>
Body:			<none>
]]></system-out>
  </testcase>
</testsuite>